<?xml version="1.0" encoding="UTF-8"?>
<!-- Generated by org.testng.reporters.JUnitReportReporter -->
<testsuite hostname="MyMiniCooperPC" failures="0" tests="1" name="com.Basic.Selenium.WidgetsAutomation" time="12.979" errors="0" timestamp="2020-11-19T13:36:57 CST" skipped="0">
  <testcase classname="com.Basic.Selenium.WidgetsAutomation" name="Interactions" time="12.979"/>
</testsuite> <!-- com.Basic.Selenium.WidgetsAutomation -->
