<?xml version="1.0" encoding="UTF-8"?>
<!-- Generated by org.testng.reporters.JUnitReportReporter -->
<testsuite hostname="MyMiniCooperPC" failures="0" tests="19" name="com.Basic.Selenium.firstSeleniumProjectjQuery" time="397.778" errors="0" timestamp="2021-01-02T15:25:11 CST" skipped="0">
  <testcase classname="com.Basic.Selenium.firstSeleniumProjectjQuery" name="Sortable" time="26.407"/>
  <testcase classname="com.Basic.Selenium.firstSeleniumProjectjQuery" name="Interactions_Draggable" time="16.690"/>
  <testcase classname="com.Basic.Selenium.firstSeleniumProjectjQuery" name="Widgets_Accordion" time="17.239"/>
  <testcase classname="com.Basic.Selenium.firstSeleniumProjectjQuery" name="iFramesLinksNumber" time="34.603"/>
  <testcase classname="com.Basic.Selenium.firstSeleniumProjectjQuery" name="Selectable" time="28.766"/>
  <testcase classname="com.Basic.Selenium.firstSeleniumProjectjQuery" name="Droppable" time="13.500"/>
  <testcase classname="com.Basic.Selenium.firstSeleniumProjectjQuery" name="Resizable" time="23.162"/>
  <testcase classname="com.Basic.Selenium.firstSeleniumProjectjQuery" name="Autocomplete" time="16.072"/>
  <testcase classname="com.Basic.Selenium.firstSeleniumProjectjQuery" name="Button" time="21.071"/>
  <testcase classname="com.Basic.Selenium.firstSeleniumProjectjQuery" name="Checkboxradio" time="79.528"/>
  <testcase classname="com.Basic.Selenium.firstSeleniumProjectjQuery" name="Controlgroup" time="14.673"/>
  <testcase classname="com.Basic.Selenium.firstSeleniumProjectjQuery" name="Datepicker" time="11.918"/>
  <testcase classname="com.Basic.Selenium.firstSeleniumProjectjQuery" name="Dialog" time="16.524"/>
  <testcase classname="com.Basic.Selenium.firstSeleniumProjectjQuery" name="Menu" time="9.472"/>
  <testcase classname="com.Basic.Selenium.firstSeleniumProjectjQuery" name="Selectmenu" time="6.791"/>
  <testcase classname="com.Basic.Selenium.firstSeleniumProjectjQuery" name="Slider" time="13.813"/>
  <testcase classname="com.Basic.Selenium.firstSeleniumProjectjQuery" name="Spinner" time="19.340"/>
  <testcase classname="com.Basic.Selenium.firstSeleniumProjectjQuery" name="Tabs" time="15.107"/>
  <testcase classname="com.Basic.Selenium.firstSeleniumProjectjQuery" name="Tooltip" time="13.102"/>
</testsuite> <!-- com.Basic.Selenium.firstSeleniumProjectjQuery -->
